<?xml version="1.0" encoding="UTF-8"?>
<testng-results skipped="0" failed="0" ignored="0" total="1" passed="1">
  <reporter-output>
  </reporter-output>
  <suite name="Default suite" duration-ms="31028" started-at="2017-08-12T07:48:26Z" finished-at="2017-08-12T07:48:57Z">
    <groups>
    </groups>
    <test name="Default test" duration-ms="31028" started-at="2017-08-12T07:48:26Z" finished-at="2017-08-12T07:48:57Z">
      <class name="com.scpSeleniummaven.Sel1.GurruBank">
        <test-method status="PASS" signature="GuruBank()[pri:0, instance:com.scpSeleniummaven.Sel1.GurruBank@28d25987]" name="GuruBank" duration-ms="30959" started-at="2017-08-12T13:18:26Z" finished-at="2017-08-12T13:18:57Z">
          <reporter-output>
          </reporter-output>
        </test-method> <!-- GuruBank -->
      </class> <!-- com.scpSeleniummaven.Sel1.GurruBank -->
    </test> <!-- Default test -->
  </suite> <!-- Default suite -->
</testng-results>
